<?xml version="1.0" encoding="UTF-8"?>
<!-- Generated by org.testng.reporters.JUnitReportReporter -->
<testsuite name="tests.TestSearch" tests="3" time="24.587" ignored="0" failures="0" timestamp="16 Dec 2016 02:42:02 GMT" skipped="0" hostname="User1" errors="0">
  <testcase name="TestSearchPage" time="4.583" classname="tests.TestSearch"/>
  <testcase name="TestHomePage" time="17.638" classname="tests.TestSearch"/>
  <testcase name="TestStarRatings" time="2.366" classname="tests.TestSearch"/>
</testsuite> <!-- tests.TestSearch -->
